<?xml version="1.0" encoding="UTF-8"?>
<testsuites name="Orchestra_Configure" time="19" tests="2" failures="0" errors="0">
   <testsuite name="Orchestra_Configure" tests="2" failures="0" errors="0" time="19" timestamp="2018-09-17 10:04:13" hostname="Anuk - CL-AnukD" id="Test Suites/Orchestra_Configure">
      <properties>
         <property name="deviceName" value=""/>
         <property name="devicePlatform" value=""/>
         <property name="logFolder" value="C:\\Users\\anuk\\Katalon Studio\\Qmatic\\Reports\\Orchestra_Configure\\20180917_100411"/>
         <property name="logFiles" value="C:\\Users\\anuk\\Katalon Studio\\Qmatic\\Reports\\Orchestra_Configure\\20180917_100411\\execution0.log"/>
         <property name="attachments" value=""/>
         <property name="hostName" value="Anuk - CL-AnukD"/>
         <property name="os" value="Windows 7 64bit"/>
         <property name="katalonVersion" value="5.7.0.1"/>
         <property name="browser" value="Chrome 68.0.3440.106"/>
         <property name="hostAddress" value="127.0.0.1"/>
         <property name="sessionId" value="e5cec7657e95a2be0e8d239661e94a9d"/>
         <property name="seleniumVersion" value="3.7.1"/>
         <property name="proxyInformation" value="ProxyInformation{proxyOption=NO_PROXY, proxyServerType=HTTP, password=, proxyServerAddress=, proxyServerPort=0}"/>
         <property name="platform" value="Windows 7"/>
      </properties>
      <testcase name="Test Cases/Orchestra/Login" classname="Test Cases/Orchestra/Login" status="PASSED">
         <system-out><![CDATA[2018-09-17 10:04:13 - [TEST_CASE][PASSED] - Test Cases/Orchestra/Login: Test Cases/Orchestra/Login

2018-09-17 10:04:14 - [TEST_STEP][PASSED] - openBrowser: Browser is opened with url: ''

2018-09-17 10:04:17 - [MESSAGE][PASSED] - Browser is opened with url: ''

2018-09-17 10:04:17 - [TEST_STEP][PASSED] - navigateToUrl: Navigate to 'http://localhost:8080/login.jsp' successfully

2018-09-17 10:04:19 - [MESSAGE][PASSED] - Navigate to 'http://localhost:8080/login.jsp' successfully

2018-09-17 10:04:19 - [TEST_STEP][PASSED] - setText: Text 'superadmin' is set on object 'Object Repository/Page_Qmatic Platform Login page/input_Username_username'

2018-09-17 10:04:19 - [MESSAGE][PASSED] - Text 'superadmin' is set on object 'Object Repository/Page_Qmatic Platform Login page/input_Username_username'

2018-09-17 10:04:19 - [TEST_STEP][PASSED] - setText: Text 'ulan' is set on object 'Object Repository/Page_Qmatic Platform Login page/input_Password_password'

2018-09-17 10:04:19 - [MESSAGE][PASSED] - Text 'ulan' is set on object 'Object Repository/Page_Qmatic Platform Login page/input_Password_password'

2018-09-17 10:04:19 - [TEST_STEP][PASSED] - click: Object: 'Object Repository/Page_Qmatic Platform Login page/button_Log in' is clicked on

2018-09-17 10:04:22 - [MESSAGE][PASSED] - Object: 'Object Repository/Page_Qmatic Platform Login page/button_Log in' is clicked on

2018-09-17 10:04:22 - [TEST_STEP][PASSED] - verifyElementText: Actual text and expected text of test object 'Object Repository/Page_Qmatic Platform/h1_Welcome to Qmatic Orchestra' are matched.

2018-09-17 10:04:22 - [MESSAGE][PASSED] - Actual text and expected text of test object 'Object Repository/Page_Qmatic Platform/h1_Welcome to Qmatic Orchestra' are matched.]]></system-out>
         <system-err><![CDATA[]]></system-err>
      </testcase>
      <testcase name="Test Cases/Orchestra/Login" classname="Test Cases/Orchestra/Login" status="PASSED">
         <system-out><![CDATA[2018-09-17 10:04:22 - [TEST_CASE][PASSED] - Test Cases/Orchestra/Login: Test Cases/Orchestra/Login

2018-09-17 10:04:22 - [TEST_STEP][PASSED] - openBrowser: Browser is opened with url: ''

2018-09-17 10:04:22 - [MESSAGE][WARNING] - A browser is already opened. Closing browser and opening a new one

2018-09-17 10:04:28 - [MESSAGE][PASSED] - Browser is opened with url: ''

2018-09-17 10:04:28 - [TEST_STEP][PASSED] - navigateToUrl: Navigate to 'http://localhost:8080/login.jsp' successfully

2018-09-17 10:04:30 - [MESSAGE][PASSED] - Navigate to 'http://localhost:8080/login.jsp' successfully

2018-09-17 10:04:30 - [TEST_STEP][PASSED] - setText: Text 'superadmin' is set on object 'Object Repository/Page_Qmatic Platform Login page/input_Username_username'

2018-09-17 10:04:30 - [MESSAGE][PASSED] - Text 'superadmin' is set on object 'Object Repository/Page_Qmatic Platform Login page/input_Username_username'

2018-09-17 10:04:30 - [TEST_STEP][PASSED] - setText: Text 'ulan' is set on object 'Object Repository/Page_Qmatic Platform Login page/input_Password_password'

2018-09-17 10:04:30 - [MESSAGE][PASSED] - Text 'ulan' is set on object 'Object Repository/Page_Qmatic Platform Login page/input_Password_password'

2018-09-17 10:04:30 - [TEST_STEP][PASSED] - click: Object: 'Object Repository/Page_Qmatic Platform Login page/button_Log in' is clicked on

2018-09-17 10:04:31 - [MESSAGE][PASSED] - Object: 'Object Repository/Page_Qmatic Platform Login page/button_Log in' is clicked on

2018-09-17 10:04:31 - [TEST_STEP][PASSED] - verifyElementText: Actual text and expected text of test object 'Object Repository/Page_Qmatic Platform/h1_Welcome to Qmatic Orchestra' are matched.

2018-09-17 10:04:31 - [MESSAGE][PASSED] - Actual text and expected text of test object 'Object Repository/Page_Qmatic Platform/h1_Welcome to Qmatic Orchestra' are matched.]]></system-out>
         <system-err><![CDATA[]]></system-err>
      </testcase>
      <system-out><![CDATA[2018-09-17 10:04:13 - [TEST_SUITE][PASSED] - Orchestra_Configure: Test Cases/Orchestra/Login]]></system-out>
      <system-err><![CDATA[]]></system-err>
   </testsuite>
</testsuites>
