<?xml version="1.0" encoding="UTF-8"?>
<testsuites name="TS_Notification_Email_Service" time="14" tests="10" failures="0" errors="0">
   <testsuite name="TS_Notification_Email_Service" tests="10" failures="0" errors="0" time="14" timestamp="2018-10-04 08:34:33" hostname="CL-ANUKD$ - CL-AnukD" id="Test Suites/TS_Notification_Email_Service">
      <properties>
         <property name="deviceName" value=""/>
         <property name="devicePlatform" value=""/>
         <property name="logFolder" value="C:\\Users\\anuk\\Katalon Studio\\Qmatic\\Reports\\TS_Notification_Email_Service\\20181004_083425"/>
         <property name="logFiles" value="C:\\Users\\anuk\\Katalon Studio\\Qmatic\\Reports\\TS_Notification_Email_Service\\20181004_083425\\execution0.log"/>
         <property name="attachments" value=""/>
         <property name="hostName" value="CL-ANUKD$ - CL-AnukD"/>
         <property name="hostAddress" value="127.0.0.1"/>
         <property name="os" value="Windows 7 64bit"/>
         <property name="katalonVersion" value="5.7.1.1"/>
      </properties>
      <testcase name="Test Cases/WebService/Notification/TC_checkCalendarJSON" classname="Test Cases/WebService/Notification/TC_checkCalendarJSON" status="PASSED">
         <system-out><![CDATA[2018-10-04 08:34:34 - [TEST_CASE][PASSED] - Test Cases/WebService/Notification/TC_checkCalendarJSON: Test Cases/WebService/Notification/TC_checkCalendarJSON

2018-10-04 08:34:35 - [TEST_STEP][PASSED] - Statement - response = com.kms.katalon.core.webservice.keyword.WSBuiltInKeywords.sendRequest(com.kms.katalon.core.testobject.ObjectRepository.findTestObject(NotificationAPIs/checkCalJSON)): Send request successfully

2018-10-04 08:34:37 - [MESSAGE][PASSED] - Send request successfully

2018-10-04 08:34:37 - [TEST_STEP][PASSED] - verifyResponseStatusCode: Verify response status code successfully

2018-10-04 08:34:37 - [MESSAGE][PASSED] - Verify response status code successfully

2018-10-04 08:34:37 - [TEST_STEP][PASSED] - verifyElementPropertyValue: Verify element property value successfully

2018-10-04 08:34:37 - [MESSAGE][PASSED] - Verify element property value successfully

2018-10-04 08:34:37 - [TEST_STEP][PASSED] - verifyElementPropertyValue: Verify element property value successfully

2018-10-04 08:34:37 - [MESSAGE][PASSED] - Verify element property value successfully]]></system-out>
         <system-err><![CDATA[]]></system-err>
      </testcase>
      <testcase name="Test Cases/WebService/Notification/TC_emptyBody" classname="Test Cases/WebService/Notification/TC_emptyBody" status="PASSED">
         <system-out><![CDATA[2018-10-04 08:34:37 - [TEST_CASE][PASSED] - Test Cases/WebService/Notification/TC_emptyBody: Test Cases/WebService/Notification/TC_emptyBody

2018-10-04 08:34:37 - [TEST_STEP][PASSED] - Statement - response = com.kms.katalon.core.webservice.keyword.WSBuiltInKeywords.sendRequest(com.kms.katalon.core.testobject.ObjectRepository.findTestObject(NotificationAPIs/emptyBody)): Send request successfully

2018-10-04 08:34:38 - [MESSAGE][PASSED] - Send request successfully

2018-10-04 08:34:38 - [TEST_STEP][PASSED] - verifyResponseStatusCode: Verify response status code successfully

2018-10-04 08:34:38 - [MESSAGE][PASSED] - Verify response status code successfully

2018-10-04 08:34:38 - [TEST_STEP][PASSED] - verifyElementPropertyValue: Verify element property value successfully

2018-10-04 08:34:38 - [MESSAGE][PASSED] - Verify element property value successfully

2018-10-04 08:34:38 - [TEST_STEP][PASSED] - verifyElementPropertyValue: Verify element property value successfully

2018-10-04 08:34:38 - [MESSAGE][PASSED] - Verify element property value successfully]]></system-out>
         <system-err><![CDATA[]]></system-err>
      </testcase>
      <testcase name="Test Cases/WebService/Notification/TC_emptyFromEmail" classname="Test Cases/WebService/Notification/TC_emptyFromEmail" status="PASSED">
         <system-out><![CDATA[2018-10-04 08:34:38 - [TEST_CASE][PASSED] - Test Cases/WebService/Notification/TC_emptyFromEmail: Test Cases/WebService/Notification/TC_emptyFromEmail

2018-10-04 08:34:38 - [TEST_STEP][PASSED] - Statement - response = com.kms.katalon.core.webservice.keyword.WSBuiltInKeywords.sendRequest(com.kms.katalon.core.testobject.ObjectRepository.findTestObject(NotificationAPIs/emptyFromEmail)): Send request successfully

2018-10-04 08:34:38 - [MESSAGE][PASSED] - Send request successfully

2018-10-04 08:34:38 - [TEST_STEP][PASSED] - verifyResponseStatusCode: Verify response status code successfully

2018-10-04 08:34:38 - [MESSAGE][PASSED] - Verify response status code successfully

2018-10-04 08:34:38 - [TEST_STEP][PASSED] - verifyElementPropertyValue: Verify element property value successfully

2018-10-04 08:34:38 - [MESSAGE][PASSED] - Verify element property value successfully

2018-10-04 08:34:38 - [TEST_STEP][PASSED] - verifyElementPropertyValue: Verify element property value successfully

2018-10-04 08:34:38 - [MESSAGE][PASSED] - Verify element property value successfully]]></system-out>
         <system-err><![CDATA[]]></system-err>
      </testcase>
      <testcase name="Test Cases/WebService/Notification/TC_emptyQRCode" classname="Test Cases/WebService/Notification/TC_emptyQRCode" status="PASSED">
         <system-out><![CDATA[2018-10-04 08:34:38 - [TEST_CASE][PASSED] - Test Cases/WebService/Notification/TC_emptyQRCode: Test Cases/WebService/Notification/TC_emptyQRCode

2018-10-04 08:34:39 - [TEST_STEP][PASSED] - Statement - response = com.kms.katalon.core.webservice.keyword.WSBuiltInKeywords.sendRequest(com.kms.katalon.core.testobject.ObjectRepository.findTestObject(NotificationAPIs/emptyQR)): Send request successfully

2018-10-04 08:34:39 - [MESSAGE][PASSED] - Send request successfully

2018-10-04 08:34:39 - [TEST_STEP][PASSED] - verifyResponseStatusCode: Verify response status code successfully

2018-10-04 08:34:39 - [MESSAGE][PASSED] - Verify response status code successfully

2018-10-04 08:34:39 - [TEST_STEP][PASSED] - verifyElementPropertyValue: Verify element property value successfully

2018-10-04 08:34:39 - [MESSAGE][PASSED] - Verify element property value successfully

2018-10-04 08:34:39 - [TEST_STEP][PASSED] - verifyElementPropertyValue: Verify element property value successfully

2018-10-04 08:34:39 - [MESSAGE][PASSED] - Verify element property value successfully]]></system-out>
         <system-err><![CDATA[]]></system-err>
      </testcase>
      <testcase name="Test Cases/WebService/Notification/TC_emptySubject" classname="Test Cases/WebService/Notification/TC_emptySubject" status="PASSED">
         <system-out><![CDATA[2018-10-04 08:34:39 - [TEST_CASE][PASSED] - Test Cases/WebService/Notification/TC_emptySubject: Test Cases/WebService/Notification/TC_emptySubject

2018-10-04 08:34:39 - [TEST_STEP][PASSED] - Statement - response = com.kms.katalon.core.webservice.keyword.WSBuiltInKeywords.sendRequest(com.kms.katalon.core.testobject.ObjectRepository.findTestObject(NotificationAPIs/emptySubject)): Send request successfully

2018-10-04 08:34:40 - [MESSAGE][PASSED] - Send request successfully

2018-10-04 08:34:40 - [TEST_STEP][PASSED] - verifyResponseStatusCode: Verify response status code successfully

2018-10-04 08:34:40 - [MESSAGE][PASSED] - Verify response status code successfully

2018-10-04 08:34:40 - [TEST_STEP][PASSED] - verifyElementPropertyValue: Verify element property value successfully

2018-10-04 08:34:40 - [MESSAGE][PASSED] - Verify element property value successfully

2018-10-04 08:34:40 - [TEST_STEP][PASSED] - verifyElementPropertyValue: Verify element property value successfully

2018-10-04 08:34:40 - [MESSAGE][PASSED] - Verify element property value successfully]]></system-out>
         <system-err><![CDATA[]]></system-err>
      </testcase>
      <testcase name="Test Cases/WebService/Notification/TC_emptyEmailTenantID" classname="Test Cases/WebService/Notification/TC_emptyEmailTenantID" status="PASSED">
         <system-out><![CDATA[2018-10-04 08:34:40 - [TEST_CASE][PASSED] - Test Cases/WebService/Notification/TC_emptyEmailTenantID: Test Cases/WebService/Notification/TC_emptyEmailTenantID

2018-10-04 08:34:41 - [TEST_STEP][PASSED] - Statement - response = com.kms.katalon.core.webservice.keyword.WSBuiltInKeywords.sendRequest(com.kms.katalon.core.testobject.ObjectRepository.findTestObject(NotificationAPIs/emptyTentant)): Send request successfully

2018-10-04 08:34:41 - [MESSAGE][PASSED] - Send request successfully

2018-10-04 08:34:41 - [TEST_STEP][PASSED] - verifyResponseStatusCode: Verify response status code successfully

2018-10-04 08:34:41 - [MESSAGE][PASSED] - Verify response status code successfully

2018-10-04 08:34:41 - [TEST_STEP][PASSED] - verifyElementPropertyValue: Verify element property value successfully

2018-10-04 08:34:41 - [MESSAGE][PASSED] - Verify element property value successfully

2018-10-04 08:34:41 - [TEST_STEP][PASSED] - verifyElementPropertyValue: Verify element property value successfully

2018-10-04 08:34:41 - [MESSAGE][PASSED] - Verify element property value successfully]]></system-out>
         <system-err><![CDATA[]]></system-err>
      </testcase>
      <testcase name="Test Cases/WebService/Notification/TC_emptyToEmail" classname="Test Cases/WebService/Notification/TC_emptyToEmail" status="PASSED">
         <system-out><![CDATA[2018-10-04 08:34:41 - [TEST_CASE][PASSED] - Test Cases/WebService/Notification/TC_emptyToEmail: Test Cases/WebService/Notification/TC_emptyToEmail

2018-10-04 08:34:42 - [TEST_STEP][PASSED] - Statement - response = com.kms.katalon.core.webservice.keyword.WSBuiltInKeywords.sendRequest(com.kms.katalon.core.testobject.ObjectRepository.findTestObject(NotificationAPIs/emptyToEmail)): Send request successfully

2018-10-04 08:34:42 - [MESSAGE][PASSED] - Send request successfully

2018-10-04 08:34:42 - [TEST_STEP][PASSED] - verifyResponseStatusCode: Verify response status code successfully

2018-10-04 08:34:42 - [MESSAGE][PASSED] - Verify response status code successfully

2018-10-04 08:34:42 - [TEST_STEP][PASSED] - verifyElementPropertyValue: Verify element property value successfully

2018-10-04 08:34:42 - [MESSAGE][PASSED] - Verify element property value successfully

2018-10-04 08:34:42 - [TEST_STEP][PASSED] - verifyElementPropertyValue: Verify element property value successfully

2018-10-04 08:34:42 - [MESSAGE][PASSED] - Verify element property value successfully]]></system-out>
         <system-err><![CDATA[]]></system-err>
      </testcase>
      <testcase name="Test Cases/WebService/Notification/TC_invalidFromEmail" classname="Test Cases/WebService/Notification/TC_invalidFromEmail" status="PASSED">
         <system-out><![CDATA[2018-10-04 08:34:42 - [TEST_CASE][PASSED] - Test Cases/WebService/Notification/TC_invalidFromEmail: Test Cases/WebService/Notification/TC_invalidFromEmail

2018-10-04 08:34:42 - [TEST_STEP][PASSED] - Statement - response = com.kms.katalon.core.webservice.keyword.WSBuiltInKeywords.sendRequest(com.kms.katalon.core.testobject.ObjectRepository.findTestObject(NotificationAPIs/invalidFromEmail)): Send request successfully

2018-10-04 08:34:43 - [MESSAGE][PASSED] - Send request successfully

2018-10-04 08:34:43 - [TEST_STEP][PASSED] - verifyResponseStatusCode: Verify response status code successfully

2018-10-04 08:34:43 - [MESSAGE][PASSED] - Verify response status code successfully

2018-10-04 08:34:43 - [TEST_STEP][PASSED] - verifyElementPropertyValue: Verify element property value successfully

2018-10-04 08:34:43 - [MESSAGE][PASSED] - Verify element property value successfully

2018-10-04 08:34:43 - [TEST_STEP][PASSED] - verifyElementPropertyValue: Verify element property value successfully

2018-10-04 08:34:43 - [MESSAGE][PASSED] - Verify element property value successfully]]></system-out>
         <system-err><![CDATA[]]></system-err>
      </testcase>
      <testcase name="Test Cases/WebService/Notification/TC_invalidToEmail" classname="Test Cases/WebService/Notification/TC_invalidToEmail" status="PASSED">
         <system-out><![CDATA[2018-10-04 08:34:43 - [TEST_CASE][PASSED] - Test Cases/WebService/Notification/TC_invalidToEmail: Test Cases/WebService/Notification/TC_invalidToEmail

2018-10-04 08:34:43 - [TEST_STEP][PASSED] - Statement - response = com.kms.katalon.core.webservice.keyword.WSBuiltInKeywords.sendRequest(com.kms.katalon.core.testobject.ObjectRepository.findTestObject(NotificationAPIs/invalidToEmail)): Send request successfully

2018-10-04 08:34:43 - [MESSAGE][PASSED] - Send request successfully

2018-10-04 08:34:43 - [TEST_STEP][PASSED] - verifyResponseStatusCode: Verify response status code successfully

2018-10-04 08:34:43 - [MESSAGE][PASSED] - Verify response status code successfully

2018-10-04 08:34:43 - [TEST_STEP][PASSED] - verifyElementPropertyValue: Verify element property value successfully

2018-10-04 08:34:43 - [MESSAGE][PASSED] - Verify element property value successfully

2018-10-04 08:34:43 - [TEST_STEP][PASSED] - verifyElementPropertyValue: Verify element property value successfully

2018-10-04 08:34:43 - [MESSAGE][PASSED] - Verify element property value successfully]]></system-out>
         <system-err><![CDATA[]]></system-err>
      </testcase>
      <testcase name="Test Cases/WebService/Notification/TC_sendEmail" classname="Test Cases/WebService/Notification/TC_sendEmail" status="PASSED">
         <system-out><![CDATA[2018-10-04 08:34:43 - [TEST_CASE][PASSED] - Test Cases/WebService/Notification/TC_sendEmail: Test Cases/WebService/Notification/TC_sendEmail

2018-10-04 08:34:43 - [TEST_STEP][PASSED] - Statement - response = com.kms.katalon.core.webservice.keyword.WSBuiltInKeywords.sendRequest(com.kms.katalon.core.testobject.ObjectRepository.findTestObject(NotificationAPIs/sendEmail)): Send request successfully

2018-10-04 08:34:44 - [MESSAGE][PASSED] - Send request successfully

2018-10-04 08:34:44 - [TEST_STEP][PASSED] - verifyResponseStatusCode: Verify response status code successfully

2018-10-04 08:34:44 - [MESSAGE][PASSED] - Verify response status code successfully

2018-10-04 08:34:44 - [TEST_STEP][PASSED] - verifyElementPropertyValue: Verify element property value successfully

2018-10-04 08:34:44 - [MESSAGE][PASSED] - Verify element property value successfully

2018-10-04 08:34:44 - [TEST_STEP][PASSED] - verifyElementPropertyValue: Verify element property value successfully

2018-10-04 08:34:44 - [MESSAGE][PASSED] - Verify element property value successfully]]></system-out>
         <system-err><![CDATA[]]></system-err>
      </testcase>
      <system-out><![CDATA[2018-10-04 08:34:33 - [TEST_SUITE][PASSED] - TS_Notification_Email_Service: Test Cases/WebService/Notification/TC_sendEmail]]></system-out>
      <system-err><![CDATA[]]></system-err>
   </testsuite>
</testsuites>
