<?xml version="1.0" encoding="UTF-8"?>
<testsuites name="TS_Orchestra_Configure" time="116" tests="2" failures="0" errors="0">
   <testsuite name="TS_Orchestra_Configure" tests="2" failures="0" errors="0" time="116" timestamp="2018-10-25 09:20:01" hostname="Anuk - CL-AnukD" id="Test Suites/TS_Orchestra_Configure">
      <properties>
         <property name="deviceName" value=""/>
         <property name="devicePlatform" value=""/>
         <property name="logFolder" value="C:\\Users\\anuk\\Katalon Studio\\Qmatic\\Reports\\TS_Orchestra_Configure\\20181025_091956"/>
         <property name="logFiles" value="C:\\Users\\anuk\\Katalon Studio\\Qmatic\\Reports\\TS_Orchestra_Configure\\20181025_091956\\execution0.log"/>
         <property name="attachments" value=""/>
         <property name="hostName" value="Anuk - CL-AnukD"/>
         <property name="os" value="Windows 7 64bit"/>
         <property name="katalonVersion" value="5.7.1.1"/>
         <property name="browser" value="Chrome 70.0.3538.67"/>
         <property name="hostAddress" value="127.0.0.1"/>
         <property name="sessionId" value="6b251ffc6d5662eff640dcf40f9067d4"/>
         <property name="seleniumVersion" value="3.7.1"/>
         <property name="proxyInformation" value="ProxyInformation{proxyOption=NO_PROXY, proxyServerType=HTTP, password=, proxyServerAddress=, proxyServerPort=0}"/>
         <property name="platform" value="Windows 7"/>
      </properties>
      <testcase name="Test Cases/Orchestra/TC_Login" classname="Test Cases/Orchestra/TC_Login" status="PASSED">
         <system-out><![CDATA[2018-10-25 09:20:01 - [TEST_CASE][PASSED] - Test Cases/Orchestra/TC_Login: Test Cases/Orchestra/TC_Login

2018-10-25 09:20:02 - [TEST_STEP][PASSED] - openBrowser: Browser is opened with url: ''

2018-10-25 09:20:40 - [MESSAGE][PASSED] - Browser is opened with url: ''

2018-10-25 09:20:40 - [TEST_STEP][PASSED] - navigateToUrl: Navigate to 'http://localhost:8080/login.jsp' successfully

2018-10-25 09:20:46 - [MESSAGE][PASSED] - Navigate to 'http://localhost:8080/login.jsp' successfully

2018-10-25 09:20:46 - [TEST_STEP][PASSED] - setText: Text 'superadmin' is set on object 'Object Repository/Page_Qmatic Platform Login page/input_Username_username'

2018-10-25 09:20:51 - [MESSAGE][PASSED] - Text 'superadmin' is set on object 'Object Repository/Page_Qmatic Platform Login page/input_Username_username'

2018-10-25 09:20:51 - [TEST_STEP][PASSED] - setText: Text 'ulan' is set on object 'Object Repository/Page_Qmatic Platform Login page/input_Password_password'

2018-10-25 09:20:51 - [MESSAGE][PASSED] - Text 'ulan' is set on object 'Object Repository/Page_Qmatic Platform Login page/input_Password_password'

2018-10-25 09:20:51 - [TEST_STEP][PASSED] - click: Object: 'Object Repository/Page_Qmatic Platform Login page/button_Log in' is clicked on

2018-10-25 09:21:39 - [MESSAGE][PASSED] - Object: 'Object Repository/Page_Qmatic Platform Login page/button_Log in' is clicked on]]></system-out>
         <system-err><![CDATA[]]></system-err>
      </testcase>
      <testcase name="Test Cases/Orchestra/TC_Login" classname="Test Cases/Orchestra/TC_Login" status="PASSED">
         <system-out><![CDATA[2018-10-25 09:21:39 - [TEST_CASE][PASSED] - Test Cases/Orchestra/TC_Login: Test Cases/Orchestra/TC_Login

2018-10-25 09:21:39 - [TEST_STEP][PASSED] - openBrowser: Browser is opened with url: ''

2018-10-25 09:21:39 - [MESSAGE][WARNING] - A browser is already opened. Closing browser and opening a new one

2018-10-25 09:21:43 - [MESSAGE][PASSED] - Browser is opened with url: ''

2018-10-25 09:21:43 - [TEST_STEP][PASSED] - navigateToUrl: Navigate to 'http://localhost:8080/login.jsp' successfully

2018-10-25 09:21:49 - [MESSAGE][PASSED] - Navigate to 'http://localhost:8080/login.jsp' successfully

2018-10-25 09:21:49 - [TEST_STEP][PASSED] - setText: Text 'notification' is set on object 'Object Repository/Page_Qmatic Platform Login page/input_Username_username'

2018-10-25 09:21:49 - [MESSAGE][PASSED] - Text 'notification' is set on object 'Object Repository/Page_Qmatic Platform Login page/input_Username_username'

2018-10-25 09:21:49 - [TEST_STEP][PASSED] - setText: Text 'ulan' is set on object 'Object Repository/Page_Qmatic Platform Login page/input_Password_password'

2018-10-25 09:21:49 - [MESSAGE][PASSED] - Text 'ulan' is set on object 'Object Repository/Page_Qmatic Platform Login page/input_Password_password'

2018-10-25 09:21:49 - [TEST_STEP][PASSED] - click: Object: 'Object Repository/Page_Qmatic Platform Login page/button_Log in' is clicked on

2018-10-25 09:21:56 - [MESSAGE][PASSED] - Object: 'Object Repository/Page_Qmatic Platform Login page/button_Log in' is clicked on]]></system-out>
         <system-err><![CDATA[]]></system-err>
      </testcase>
      <system-out><![CDATA[2018-10-25 09:20:01 - [TEST_SUITE][PASSED] - TS_Orchestra_Configure: Test Cases/Orchestra/TC_Login]]></system-out>
      <system-err><![CDATA[]]></system-err>
   </testsuite>
</testsuites>
